2023-02-24 16:36:44,018 : WARN  : ModalContext :  : Node : Color Manager : 3:6 : Column "country" has no nominal values set: execute predecessor or add Binner.
2023-02-24 16:36:49,430 : WARN  : Worker-4: Downloading statistics for node recommendations. :  : WorkflowCoachView :  :  : Could not update node recommendations statistics.
java.io.IOException: Downloaded file doesn't contain node recommendation data.
	at org.knime.workbench.workflowcoach.data.AbstractFileDownloadTripleProvider.checkDownloadedFile(AbstractFileDownloadTripleProvider.java:197)
	at org.knime.workbench.workflowcoach.data.AbstractFileDownloadTripleProvider.update(AbstractFileDownloadTripleProvider.java:176)
	at org.knime.workbench.workflowcoach.prefs.UpdateJob.run(UpdateJob.java:132)
	at org.eclipse.core.internal.jobs.Worker.run(Worker.java:63)
Caused by: java.nio.file.NoSuchFileException: /Users/goncalofreitas/Desktop/LEI/3rd/ADI/Ficha1/.metadata/knime/file_download.temp
	at java.base/sun.nio.fs.UnixException.translateToIOException(Unknown Source)
	at java.base/sun.nio.fs.UnixException.rethrowAsIOException(Unknown Source)
	at java.base/sun.nio.fs.UnixException.rethrowAsIOException(Unknown Source)
	at java.base/sun.nio.fs.UnixFileSystemProvider.newByteChannel(Unknown Source)
	at java.base/java.nio.file.Files.newByteChannel(Unknown Source)
	at java.base/java.nio.file.Files.newByteChannel(Unknown Source)
	at java.base/java.nio.file.spi.FileSystemProvider.newInputStream(Unknown Source)
	at java.base/java.nio.file.Files.newInputStream(Unknown Source)
	at org.knime.workbench.workflowcoach.data.AbstractFileDownloadTripleProvider.checkDownloadedFile(AbstractFileDownloadTripleProvider.java:194)
	... 3 more
2023-02-24 16:40:54,197 : WARN  : ModalContext :  : Node : Color Manager : 3:6 : Column "country" has no nominal values set: execute predecessor or add Binner.
2023-02-24 16:44:48,014 : WARN  : ModalContext :  : Node : CSV Reader : 3:1 : Please specify a file
2023-02-24 16:46:15,149 : ERROR : KNIME Sync Exec Dispatcher-1 :  : SyncExecQueueDispatcher :  :  : Uncaught exception while queuing events into main thread
org.eclipse.swt.SWTException: Invalid thread access
	at org.eclipse.swt.SWT.error(SWT.java:4918)
	at org.eclipse.swt.SWT.error(SWT.java:4833)
	at org.eclipse.swt.SWT.error(SWT.java:4804)
	at org.eclipse.swt.widgets.Display.error(Display.java:1191)
	at org.eclipse.swt.widgets.Display.createDisplay(Display.java:942)
	at org.eclipse.swt.widgets.Display.create(Display.java:926)
	at org.eclipse.swt.graphics.Device.<init>(Device.java:132)
	at org.eclipse.swt.widgets.Display.<init>(Display.java:753)
	at org.eclipse.swt.widgets.Display.<init>(Display.java:744)
	at org.eclipse.swt.widgets.Display.getDefault(Display.java:1525)
	at org.knime.workbench.ui.SyncExecQueueDispatcher$2.run(SyncExecQueueDispatcher.java:120)
	at java.base/java.util.concurrent.ThreadPoolExecutor.runWorker(Unknown Source)
	at java.base/java.util.concurrent.ThreadPoolExecutor$Worker.run(Unknown Source)
	at java.base/java.lang.Thread.run(Unknown Source)
